<?xml version="1.0" encoding="UTF-8"?>
<testsuite name="ninja Test"
           tests="3"
           failures="0"
           errors="0"
           skipped="0"
           time="4.427">
  <properties />
  
  
            <testcase name="verifyUserShouldNavigateToDesktopsPageSuccessfully" time="1.345" classname="com.tutorialsninja.testsuite.TopMenuTest" />
                <testcase name="verifyUserShouldNavigateToLaptopsAndNotebooksPageSuccessfully" time="2.076" classname="com.tutorialsninja.testsuite.TopMenuTest" />
                <testcase name="verifyUserShouldNavigateToComponentsPageSuccessfully" time="1.006" classname="com.tutorialsninja.testsuite.TopMenuTest" />
      
</testsuite>
