<?xml version="1.0" encoding="UTF-8"?>
<testsuite name="ninja Test"
           tests="2"
           failures="0"
           errors="0"
           skipped="0"
           time="10.958">
  <properties />
  
  
            <testcase name="verifyThatUserPlaceOrderSuccessfully" time="9.231" classname="com.tutorialsninja.testsuite.LaptopsAndNotebooksTest" />
                <testcase name="verifyProductsPriceDisplayHighToLowSuccessfully" time="1.727" classname="com.tutorialsninja.testsuite.LaptopsAndNotebooksTest" />
      
</testsuite>
